

================================================================
== Vivado HLS Report for 'Sort_top'
================================================================
* Date:           Fri Oct 30 01:48:49 2020

* Version:        2020.1 (Build 2897737 on Wed May 27 20:21:37 MDT 2020)
* Project:        hls_ci_demo
* Solution:       solution1
* Product family: virtexuplus
* Target device:  xcvu9p-fsgd2104-2L-e


================================================================
== Performance Estimates
================================================================
+ Timing: 
    * Summary: 
    +--------+---------+----------+------------+
    |  Clock |  Target | Estimated| Uncertainty|
    +--------+---------+----------+------------+
    |ap_clk  | 2.78 ns | 2.412 ns |   0.35 ns  |
    +--------+---------+----------+------------+

+ Latency: 
    * Summary: 
    +---------+---------+-----------+-----------+-----+-----+----------+
    |  Latency (cycles) |   Latency (absolute)  |  Interval | Pipeline |
    |   min   |   max   |    min    |    max    | min | max |   Type   |
    +---------+---------+-----------+-----------+-----+-----+----------+
    |        6|        6| 16.680 ns | 16.680 ns |    1|    1| function |
    +---------+---------+-----------+-----------+-----+-----+----------+

    + Detail: 
        * Instance: 
        N/A

        * Loop: 
        N/A



================================================================
== Utilization Estimates
================================================================
* Summary: 
+---------------------+---------+-------+---------+---------+-----+
|         Name        | BRAM_18K| DSP48E|    FF   |   LUT   | URAM|
+---------------------+---------+-------+---------+---------+-----+
|DSP                  |        -|      -|        -|        -|    -|
|Expression           |        -|      -|        0|     1372|    -|
|FIFO                 |        -|      -|        -|        -|    -|
|Instance             |        -|      -|        0|      198|    -|
|Memory               |        -|      -|        -|        -|    -|
|Multiplexer          |        -|      -|        -|        -|    -|
|Register             |        0|      -|      987|      192|    -|
+---------------------+---------+-------+---------+---------+-----+
|Total                |        0|      0|      987|     1762|    0|
+---------------------+---------+-------+---------+---------+-----+
|Available SLR        |     1440|   2280|   788160|   394080|  320|
+---------------------+---------+-------+---------+---------+-----+
|Utilization SLR (%)  |        0|      0|    ~0   |    ~0   |    0|
+---------------------+---------+-------+---------+---------+-----+
|Available            |     4320|   6840|  2364480|  1182240|  960|
+---------------------+---------+-------+---------+---------+-----+
|Utilization (%)      |        0|      0|    ~0   |    ~0   |    0|
+---------------------+---------+-------+---------+---------+-----+

+ Detail: 
    * Instance: 
    +-------------------------+----------------------+---------+-------+---+----+-----+
    |         Instance        |        Module        | BRAM_18K| DSP48E| FF| LUT| URAM|
    +-------------------------+----------------------+---------+-------+---+----+-----+
    |Sort_top_mux_53_3cud_U3  |Sort_top_mux_53_3cud  |        0|      0|  0|  33|    0|
    |Sort_top_mux_83_3bkb_U1  |Sort_top_mux_83_3bkb  |        0|      0|  0|  33|    0|
    |Sort_top_mux_83_3bkb_U2  |Sort_top_mux_83_3bkb  |        0|      0|  0|  33|    0|
    |Sort_top_mux_83_3bkb_U4  |Sort_top_mux_83_3bkb  |        0|      0|  0|  33|    0|
    |Sort_top_mux_83_3bkb_U5  |Sort_top_mux_83_3bkb  |        0|      0|  0|  33|    0|
    |Sort_top_mux_83_3bkb_U6  |Sort_top_mux_83_3bkb  |        0|      0|  0|  33|    0|
    +-------------------------+----------------------+---------+-------+---+----+-----+
    |Total                    |                      |        0|      0|  0| 198|    0|
    +-------------------------+----------------------+---------+-------+---+----+-----+

    * DSP48E: 
    N/A

    * Memory: 
    N/A

    * FIFO: 
    N/A

    * Expression: 
    +---------------------------+----------+-------+---+----+------------+------------+
    |       Variable Name       | Operation| DSP48E| FF| LUT| Bitwidth P0| Bitwidth P1|
    +---------------------------+----------+-------+---+----+------------+------------+
    |ap_block_pp0_stage0_01001  |    and   |      0|  0|   2|           1|           1|
    |icmp_ln18_1_fu_138_p2      |   icmp   |      0|  0|  20|          32|          32|
    |icmp_ln18_2_fu_172_p2      |   icmp   |      0|  0|  20|          32|          32|
    |icmp_ln18_3_fu_201_p2      |   icmp   |      0|  0|  20|          32|          32|
    |icmp_ln18_4_fu_330_p2      |   icmp   |      0|  0|  20|          32|          32|
    |icmp_ln18_5_fu_344_p2      |   icmp   |      0|  0|  20|          32|          32|
    |icmp_ln18_6_fu_387_p2      |   icmp   |      0|  0|  20|          32|          32|
    |icmp_ln18_7_fu_483_p2      |   icmp   |      0|  0|  20|          32|          32|
    |icmp_ln18_8_fu_497_p2      |   icmp   |      0|  0|  20|          32|          32|
    |icmp_ln18_fu_127_p2        |   icmp   |      0|  0|  20|          32|          32|
    |icmp_ln21_fu_583_p2        |   icmp   |      0|  0|  20|          32|          32|
    |icmp_ln22_1_fu_214_p2      |   icmp   |      0|  0|   9|           3|           2|
    |icmp_ln22_2_fu_220_p2      |   icmp   |      0|  0|   9|           3|           1|
    |icmp_ln22_3_fu_226_p2      |   icmp   |      0|  0|   9|           3|           1|
    |icmp_ln22_4_fu_400_p2      |   icmp   |      0|  0|   9|           3|           2|
    |icmp_ln22_5_fu_406_p2      |   icmp   |      0|  0|   9|           3|           2|
    |icmp_ln22_6_fu_412_p2      |   icmp   |      0|  0|   9|           3|           1|
    |icmp_ln22_7_fu_536_p2      |   icmp   |      0|  0|   9|           3|           2|
    |icmp_ln22_8_fu_548_p2      |   icmp   |      0|  0|   9|           3|           2|
    |icmp_ln22_fu_242_p2        |   icmp   |      0|  0|   9|           3|           2|
    |or_ln18_1_fu_503_p2        |    or    |      0|  0|   2|           1|           1|
    |or_ln18_fu_357_p2          |    or    |      0|  0|   2|           1|           1|
    |b_2                        |  select  |      0|  0|  32|           1|          32|
    |b_3                        |  select  |      0|  0|  32|           1|          32|
    |b_4                        |  select  |      0|  0|  32|           1|          32|
    |select_ln18_1_fu_177_p3    |  select  |      0|  0|   2|           1|           2|
    |select_ln18_2_fu_336_p3    |  select  |      0|  0|  32|           1|          32|
    |select_ln18_3_fu_350_p3    |  select  |      0|  0|   3|           1|           2|
    |select_ln18_4_fu_361_p3    |  select  |      0|  0|   2|           1|           2|
    |select_ln18_5_fu_489_p3    |  select  |      0|  0|  32|           1|          32|
    |select_ln18_6_fu_133_p3    |  select  |      0|  0|  32|           1|          32|
    |select_ln18_fu_146_p3      |  select  |      0|  0|   3|           1|           3|
    |select_ln21_1_fu_392_p3    |  select  |      0|  0|   4|           1|           4|
    |select_ln21_2_fu_507_p3    |  select  |      0|  0|   4|           1|           4|
    |select_ln21_3_fu_514_p3    |  select  |      0|  0|   3|           1|           3|
    |select_ln21_fu_206_p3      |  select  |      0|  0|   4|           1|           4|
    |select_ln22_10_fu_306_p3   |  select  |      0|  0|  32|           1|          32|
    |select_ln22_11_fu_312_p3   |  select  |      0|  0|  32|           1|          32|
    |select_ln22_12_fu_318_p3   |  select  |      0|  0|  32|           1|          32|
    |select_ln22_13_fu_324_p3   |  select  |      0|  0|  32|           1|          32|
    |select_ln22_14_fu_431_p3   |  select  |      0|  0|  32|           1|          32|
    |select_ln22_15_fu_436_p3   |  select  |      0|  0|  32|           1|          32|
    |select_ln22_16_fu_441_p3   |  select  |      0|  0|  32|           1|          32|
    |select_ln22_17_fu_447_p3   |  select  |      0|  0|  32|           1|          32|
    |select_ln22_18_fu_453_p3   |  select  |      0|  0|  32|           1|          32|
    |select_ln22_19_fu_459_p3   |  select  |      0|  0|  32|           1|          32|
    |select_ln22_1_fu_253_p3    |  select  |      0|  0|  32|           1|          32|
    |select_ln22_20_fu_466_p3   |  select  |      0|  0|  32|           1|          32|
    |select_ln22_21_fu_471_p3   |  select  |      0|  0|  32|           1|          32|
    |select_ln22_22_fu_477_p3   |  select  |      0|  0|  32|           1|          32|
    |select_ln22_23_fu_542_p3   |  select  |      0|  0|  32|           1|          32|
    |select_ln22_24_fu_554_p3   |  select  |      0|  0|  32|           1|          32|
    |select_ln22_26_fu_570_p3   |  select  |      0|  0|  32|           1|          32|
    |select_ln22_27_fu_576_p3   |  select  |      0|  0|  32|           1|          32|
    |select_ln22_2_fu_259_p3    |  select  |      0|  0|  32|           1|          32|
    |select_ln22_3_fu_265_p3    |  select  |      0|  0|  32|           1|          32|
    |select_ln22_4_fu_271_p3    |  select  |      0|  0|  32|           1|          32|
    |select_ln22_5_fu_276_p3    |  select  |      0|  0|  32|           1|          32|
    |select_ln22_6_fu_281_p3    |  select  |      0|  0|  32|           1|          32|
    |select_ln22_7_fu_287_p3    |  select  |      0|  0|  32|           1|          32|
    |select_ln22_8_fu_293_p3    |  select  |      0|  0|  32|           1|          32|
    |select_ln22_9_fu_299_p3    |  select  |      0|  0|  32|           1|          32|
    |select_ln22_fu_247_p3      |  select  |      0|  0|  32|           1|          32|
    |ap_enable_pp0              |    xor   |      0|  0|   2|           1|           2|
    |xor_ln21_fu_589_p2         |    xor   |      0|  0|   2|           1|           2|
    +---------------------------+----------+-------+---+----+------------+------------+
    |Total                      |          |      0|  0|1372|         393|        1422|
    +---------------------------+----------+-------+---+----+------------+------------+

    * Multiplexer: 
    N/A

    * Register: 
    +--------------------------------------+----+----+-----+-----------+
    |                 Name                 | FF | LUT| Bits| Const Bits|
    +--------------------------------------+----+----+-----+-----------+
    |a_0_read_reg_613                      |  32|   0|   32|          0|
    |a_1_read_reg_626                      |  32|   0|   32|          0|
    |a_2_read_reg_635                      |  32|   0|   32|          0|
    |a_3_read_reg_651                      |  32|   0|   32|          0|
    |a_4_read_reg_666                      |  32|   0|   32|          0|
    |ap_CS_fsm                             |   1|   0|    1|          0|
    |ap_enable_reg_pp0_iter1               |   1|   0|    1|          0|
    |ap_enable_reg_pp0_iter2               |   1|   0|    1|          0|
    |ap_enable_reg_pp0_iter3               |   1|   0|    1|          0|
    |ap_enable_reg_pp0_iter4               |   1|   0|    1|          0|
    |ap_enable_reg_pp0_iter5               |   1|   0|    1|          0|
    |ap_enable_reg_pp0_iter6               |   1|   0|    1|          0|
    |icmp_ln18_2_reg_687                   |   1|   0|    1|          0|
    |icmp_ln18_4_reg_771                   |   1|   0|    1|          0|
    |icmp_ln18_5_reg_776                   |   1|   0|    1|          0|
    |icmp_ln18_7_reg_839                   |   1|   0|    1|          0|
    |icmp_ln18_8_reg_844                   |   1|   0|    1|          0|
    |icmp_ln18_reg_676                     |   1|   0|    1|          0|
    |icmp_ln22_1_reg_698                   |   1|   0|    1|          0|
    |icmp_ln22_2_reg_705                   |   1|   0|    1|          0|
    |icmp_ln22_3_reg_713                   |   1|   0|    1|          0|
    |icmp_ln22_4_reg_787                   |   1|   0|    1|          0|
    |icmp_ln22_5_reg_795                   |   1|   0|    1|          0|
    |icmp_ln22_6_reg_801                   |   1|   0|    1|          0|
    |select_ln18_reg_682                   |   2|   0|    2|          0|
    |select_ln21_1_reg_782                 |   3|   0|    3|          0|
    |select_ln21_reg_692                   |   3|   0|    3|          0|
    |select_ln22_13_reg_758                |  32|   0|   32|          0|
    |select_ln22_13_reg_758_pp0_iter4_reg  |  32|   0|   32|          0|
    |select_ln22_14_reg_808                |  32|   0|   32|          0|
    |select_ln22_17_reg_816                |  32|   0|   32|          0|
    |select_ln22_19_reg_822                |  32|   0|   32|          0|
    |select_ln22_22_reg_827                |  32|   0|   32|          0|
    |select_ln22_3_reg_722                 |  32|   0|   32|          0|
    |select_ln22_3_reg_722_pp0_iter4_reg   |  32|   0|   32|          0|
    |select_ln22_4_reg_736                 |  32|   0|   32|          0|
    |select_ln22_4_reg_736_pp0_iter4_reg   |  32|   0|   32|          0|
    |select_ln22_7_reg_746                 |  32|   0|   32|          0|
    |select_ln22_7_reg_746_pp0_iter4_reg   |  32|   0|   32|          0|
    |select_ln22_9_reg_753                 |  32|   0|   32|          0|
    |a_0_read_reg_613                      |  64|  32|   32|          0|
    |a_1_read_reg_626                      |  64|  32|   32|          0|
    |a_2_read_reg_635                      |  64|  32|   32|          0|
    |a_3_read_reg_651                      |  64|  32|   32|          0|
    |a_4_read_reg_666                      |  64|  32|   32|          0|
    |select_ln22_9_reg_753                 |  64|  32|   32|          0|
    +--------------------------------------+----+----+-----+-----------+
    |Total                                 | 987| 192|  795|          0|
    +--------------------------------------+----+----+-----+-----------+



================================================================
== Interface
================================================================
* Summary: 
+------------+-----+-----+------------+--------------+--------------+
|  RTL Ports | Dir | Bits|  Protocol  | Source Object|    C Type    |
+------------+-----+-----+------------+--------------+--------------+
|ap_clk      |  in |    1| ap_ctrl_hs |   Sort_top   | return value |
|ap_rst      |  in |    1| ap_ctrl_hs |   Sort_top   | return value |
|ap_start    |  in |    1| ap_ctrl_hs |   Sort_top   | return value |
|ap_done     | out |    1| ap_ctrl_hs |   Sort_top   | return value |
|ap_idle     | out |    1| ap_ctrl_hs |   Sort_top   | return value |
|ap_ready    | out |    1| ap_ctrl_hs |   Sort_top   | return value |
|a_0         |  in |   32|   ap_none  |      a_0     |    pointer   |
|a_1         |  in |   32|   ap_none  |      a_1     |    pointer   |
|a_2         |  in |   32|   ap_none  |      a_2     |    pointer   |
|a_3         |  in |   32|   ap_none  |      a_3     |    pointer   |
|a_4         |  in |   32|   ap_none  |      a_4     |    pointer   |
|b_0         | out |   32|   ap_vld   |      b_0     |    pointer   |
|b_0_ap_vld  | out |    1|   ap_vld   |      b_0     |    pointer   |
|b_1         | out |   32|   ap_vld   |      b_1     |    pointer   |
|b_1_ap_vld  | out |    1|   ap_vld   |      b_1     |    pointer   |
|b_2         | out |   32|   ap_vld   |      b_2     |    pointer   |
|b_2_ap_vld  | out |    1|   ap_vld   |      b_2     |    pointer   |
|b_3         | out |   32|   ap_vld   |      b_3     |    pointer   |
|b_3_ap_vld  | out |    1|   ap_vld   |      b_3     |    pointer   |
|b_4         | out |   32|   ap_vld   |      b_4     |    pointer   |
|b_4_ap_vld  | out |    1|   ap_vld   |      b_4     |    pointer   |
+------------+-----+-----+------------+--------------+--------------+

